<?xml version="1.0" encoding="UTF-8"?>
<!-- Generated by org.testng.reporters.JUnitReportReporter -->
<testsuite hostname="Phoenix-PC" name="GoogleSeleniumAjax" tests="1" failures="0" timestamp="8 Apr 2014 17:43:49 GMT" time="23.465" errors="0">
  <testcase name="testGoogleSeleniumAjax" time="23.465" classname="GoogleSeleniumAjax"/>
</testsuite> <!-- GoogleSeleniumAjax -->
